<?xml version="1.0" encoding="UTF-8"?>
<!-- Generated by org.testng.reporters.JUnitXMLReporter -->
<testsuite hostname="HACKER" ignored="0" name="Test" tests="4" failures="0" timestamp="19 May 2022 06:09:14 GMT" time="40.78" errors="0">
  <testcase name="login" time="1.728" classname="org.testng.vijay"/>
  <testcase name="login" time="3.844" classname="org.testng.vijay"/>
  <testcase name="login" time="4.695" classname="org.testng.vijay"/>
  <testcase name="page2" time="4.735" classname="org.testng.vijay"/>
</testsuite> <!-- Test -->
