<?xml version="1.0" encoding="UTF-8"?>
<testng-results skipped="0" failed="0" ignored="0" total="4" passed="4">
  <reporter-output>
  </reporter-output>
  <suite name="Suite" duration-ms="40780" started-at="2022-05-19T06:08:33Z" finished-at="2022-05-19T06:09:14Z">
    <groups>
      <group name="kumar">
        <method signature="vijay.login(java.lang.String, java.lang.String)[pri:-5, instance:org.testng.vijay@4dfa3a9d]" name="login" class="org.testng.vijay"/>
        <method signature="vijay.page2(java.lang.String, java.lang.String, java.lang.String, java.lang.String, java.lang.String, java.lang.String, java.lang.String, java.lang.String)[pri:-4, instance:org.testng.vijay@4dfa3a9d]" name="page2" class="org.testng.vijay"/>
      </group> <!-- kumar -->
    </groups>
    <test name="Test" duration-ms="40780" started-at="2022-05-19T06:08:33Z" finished-at="2022-05-19T06:09:14Z">
      <class name="org.testng.vijay">
        <test-method status="PASS" signature="beforeclass()[pri:0, instance:org.testng.vijay@4dfa3a9d]" name="beforeclass" is-config="true" duration-ms="25642" started-at="2022-05-19T06:08:33Z" finished-at="2022-05-19T06:08:58Z">
          <reporter-output>
          </reporter-output>
        </test-method> <!-- beforeclass -->
        <test-method status="PASS" signature="login(java.lang.String, java.lang.String)[pri:-5, instance:org.testng.vijay@4dfa3a9d]" name="login" duration-ms="1728" started-at="2022-05-19T06:08:59Z" data-provider="login" finished-at="2022-05-19T06:09:00Z">
          <params>
            <param index="0">
              <value>
                <![CDATA[vijay]]>
              </value>
            </param>
            <param index="1">
              <value>
                <![CDATA[123456]]>
              </value>
            </param>
          </params>
          <reporter-output>
          </reporter-output>
        </test-method> <!-- login -->
        <test-method status="PASS" signature="login(java.lang.String, java.lang.String)[pri:-5, instance:org.testng.vijay@4dfa3a9d]" name="login" duration-ms="3844" started-at="2022-05-19T06:09:00Z" data-provider="login" finished-at="2022-05-19T06:09:04Z">
          <params>
            <param index="0">
              <value>
                <![CDATA[vijayvijay]]>
              </value>
            </param>
            <param index="1">
              <value>
                <![CDATA[2564895]]>
              </value>
            </param>
          </params>
          <reporter-output>
          </reporter-output>
        </test-method> <!-- login -->
        <test-method status="PASS" signature="login(java.lang.String, java.lang.String)[pri:-5, instance:org.testng.vijay@4dfa3a9d]" name="login" duration-ms="4695" started-at="2022-05-19T06:09:04Z" data-provider="login" finished-at="2022-05-19T06:09:09Z">
          <params>
            <param index="0">
              <value>
                <![CDATA[vijayram000]]>
              </value>
            </param>
            <param index="1">
              <value>
                <![CDATA[123456789]]>
              </value>
            </param>
          </params>
          <reporter-output>
          </reporter-output>
        </test-method> <!-- login -->
        <test-method status="PASS" signature="page2(java.lang.String, java.lang.String, java.lang.String, java.lang.String, java.lang.String, java.lang.String, java.lang.String, java.lang.String)[pri:-4, instance:org.testng.vijay@4dfa3a9d]" name="page2" duration-ms="4735" started-at="2022-05-19T06:09:09Z" finished-at="2022-05-19T06:09:14Z">
          <params>
            <param index="0">
              <value>
                <![CDATA[Sydney]]>
              </value>
            </param>
            <param index="1">
              <value>
                <![CDATA[Hotel Creek]]>
              </value>
            </param>
            <param index="2">
              <value>
                <![CDATA[Standard]]>
              </value>
            </param>
            <param index="3">
              <value>
                <![CDATA[2]]>
              </value>
            </param>
            <param index="4">
              <value>
                <![CDATA[14/05/2022]]>
              </value>
            </param>
            <param index="5">
              <value>
                <![CDATA[15/05/2022]]>
              </value>
            </param>
            <param index="6">
              <value>
                <![CDATA[3]]>
              </value>
            </param>
            <param index="7">
              <value>
                <![CDATA[4]]>
              </value>
            </param>
          </params>
          <reporter-output>
          </reporter-output>
        </test-method> <!-- page2 -->
      </class> <!-- org.testng.vijay -->
    </test> <!-- Test -->
  </suite> <!-- Suite -->
</testng-results>
